<?xml version="1.0" encoding="UTF-8"?>
<testsuite name="HeroTest" tests="12" skipped="0" failures="0" errors="0" timestamp="2019-09-17T07:11:53" hostname="wecode-HP-280-G2-MT-Non-Legacy" time="0.005">
  <properties/>
  <testcase name="getAllHeroes_returnsAllHeroCreated" classname="HeroTest" time="0.001"/>
  <testcase name="getHeroID_heroInstantiatesWithId_true" classname="HeroTest" time="0.0"/>
  <testcase name="getAllHeroes_returnsAllHeroes_true" classname="HeroTest" time="0.0"/>
  <testcase name="getStrength_returnsCorrectStrength_true" classname="HeroTest" time="0.0"/>
  <testcase name="getHeroName_returnsCorrectName_true" classname="HeroTest" time="0.0"/>
  <testcase name="hero_instantiatesCorrectly" classname="HeroTest" time="0.0"/>
  <testcase name="deleteHero_deletesSpecificHero_true" classname="HeroTest" time="0.0"/>
  <testcase name="getWeakness_returnsCorrectweakness" classname="HeroTest" time="0.0"/>
  <testcase name="getAge_returnsCorrectAge" classname="HeroTest" time="0.0"/>
  <testcase name="findHeroById_returnsCorrectPostIfMoreThan1Exists" classname="HeroTest" time="0.0"/>
  <testcase name="findHeroById_returnsCorrectHero" classname="HeroTest" time="0.0"/>
  <testcase name="clearAllHeroes" classname="HeroTest" time="0.0"/>
  <system-out><![CDATA[]]></system-out>
  <system-err><![CDATA[]]></system-err>
</testsuite>
